2016-01-21 3:57:13 - PHP Notice:  Undefined index: xml in C:\xampp\htdocs\exotric\admin\model\extension\modification.php on line 4
2016-01-21 4:03:03 - PHP Notice:  Undefined variable: entry_captcha in C:\xampp\htdocs\exotric\catalog\view\theme\lexus_extroic\template\product\product_detail_hitech.tpl on line 355
2016-01-21 4:03:18 - PHP Notice:  Undefined variable: entry_captcha in C:\xampp\htdocs\exotric\catalog\view\theme\lexus_extroic\template\product\product_detail_hitech.tpl on line 355
2016-02-19 3:42:15 - PHP Notice:  Undefined variable: entry_captcha in C:\xampp\htdocs\exotric\catalog\view\theme\lexus_extroic\template\product\product_detail_hitech.tpl on line 355
2016-02-19 5:21:33 - PHP Notice:  Undefined variable: entry_captcha in C:\xampp\htdocs\exotric\catalog\view\theme\lexus_extroic\template\product\product_detail_hitech.tpl on line 355
2016-02-19 10:35:21 - PHP Notice:  Undefined variable: entry_captcha in C:\xampp\htdocs\exotric\catalog\view\theme\lexus_extroic\template\product\product_detail_hitech.tpl on line 355
2016-02-19 10:35:22 - PHP Notice:  Undefined variable: entry_captcha in C:\xampp\htdocs\exotric\catalog\view\theme\lexus_extroic\template\product\product_detail_hitech.tpl on line 355
2016-02-19 10:42:06 - PHP Notice:  Undefined variable: result in C:\xampp\htdocs\exotric\catalog\controller\module\slideshow.php on line 15
2016-02-19 10:42:06 - PHP Notice:  Undefined variable: result in C:\xampp\htdocs\exotric\catalog\controller\module\slideshow.php on line 15
2016-02-19 10:42:06 - PHP Notice:  Undefined variable: result in C:\xampp\htdocs\exotric\catalog\controller\module\slideshow.php on line 15
2016-02-19 10:42:06 - PHP Notice:  Undefined variable: result in C:\xampp\htdocs\exotric\catalog\controller\module\slideshow.php on line 15
2016-02-19 10:58:53 - PHP Notice:  Undefined variable: entry_captcha in C:\xampp\htdocs\exotric\catalog\view\theme\lexus_extroic\template\product\product_detail_hitech.tpl on line 355
2016-02-22 4:29:33 - PHP Notice:  Undefined variable: entry_captcha in C:\xampp\htdocs\exotric\catalog\view\theme\lexus_extroic\template\product\product_detail_hitech.tpl on line 352
2016-02-22 4:47:03 - PHP Notice:  Undefined variable: entry_captcha in C:\xampp\htdocs\exotric\catalog\view\theme\lexus_extroic\template\product\product_detail_hitech.tpl on line 352
2016-02-22 4:48:47 - PHP Notice:  Undefined variable: entry_captcha in C:\xampp\htdocs\exotric\catalog\view\theme\lexus_extroic\template\product\product_detail_hitech.tpl on line 347
2016-02-22 4:49:57 - PHP Notice:  Undefined variable: entry_captcha in C:\xampp\htdocs\exotric\catalog\view\theme\lexus_extroic\template\product\product_detail_hitech.tpl on line 336
2016-02-22 4:50:06 - PHP Notice:  Undefined variable: entry_captcha in C:\xampp\htdocs\exotric\catalog\view\theme\lexus_extroic\template\product\product_detail_hitech.tpl on line 328
2016-02-22 4:50:20 - PHP Notice:  Undefined variable: entry_captcha in C:\xampp\htdocs\exotric\catalog\view\theme\lexus_extroic\template\product\product_detail_hitech.tpl on line 326
2016-02-22 4:52:07 - PHP Notice:  Undefined variable: entry_captcha in C:\xampp\htdocs\exotric\catalog\view\theme\lexus_extroic\template\product\product_detail_hitech.tpl on line 320
2016-02-22 4:52:41 - PHP Notice:  Undefined variable: entry_captcha in C:\xampp\htdocs\exotric\catalog\view\theme\lexus_extroic\template\product\product_detail_hitech.tpl on line 355
2016-02-22 4:53:04 - PHP Notice:  Undefined variable: entry_captcha in C:\xampp\htdocs\exotric\catalog\view\theme\lexus_extroic\template\product\product_detail_hitech.tpl on line 320
2016-02-22 4:53:41 - PHP Notice:  Undefined variable: entry_captcha in C:\xampp\htdocs\exotric\catalog\view\theme\lexus_extroic\template\product\product_detail_hitech.tpl on line 320
2016-02-22 4:58:14 - PHP Notice:  Undefined variable: entry_captcha in C:\xampp\htdocs\exotric\catalog\view\theme\lexus_extroic\template\product\product_detail_hitech.tpl on line 320
2016-02-22 4:59:20 - PHP Notice:  Undefined variable: entry_captcha in C:\xampp\htdocs\exotric\catalog\view\theme\lexus_extroic\template\product\product_detail_hitech.tpl on line 320
2016-02-22 5:17:37 - PHP Notice:  Undefined variable: entry_captcha in C:\xampp\htdocs\exotric\catalog\view\theme\lexus_extroic\template\product\product_detail_hitech.tpl on line 320
2016-02-22 5:25:01 - PHP Notice:  Undefined variable: entry_captcha in C:\xampp\htdocs\exotric\catalog\view\theme\lexus_extroic\template\product\product_detail_hitech.tpl on line 320
2016-02-22 6:08:39 - PHP Warning:  require(C:/xampp/htdocs/exotric/catalog/view/theme/lexus_extroic/template/common/footer/footer_center.tpl): failed to open stream: No such file or directory in C:\xampp\htdocs\exotric\catalog\view\theme\lexus_extroic\template\common\footer.tpl on line 52
2016-02-22 8:37:48 - PHP Notice:  Undefined variable: entry_captcha in C:\xampp\htdocs\exotric\catalog\view\theme\lexus_extroic\template\product\product_detail_hitech.tpl on line 320
2016-02-22 8:37:54 - PHP Notice:  Undefined variable: entry_captcha in C:\xampp\htdocs\exotric\catalog\view\theme\lexus_extroic\template\product\product_detail_hitech.tpl on line 320
2016-02-23 5:14:55 - PHP Notice:  Undefined variable: entry_captcha in C:\xampp\htdocs\exotric\catalog\view\theme\lexus_extroic\template\product\product_detail_hitech.tpl on line 320
2016-02-23 5:40:50 - PHP Notice:  Undefined variable: entry_captcha in C:\xampp\htdocs\exotric\catalog\view\theme\lexus_extroic\template\product\product_detail_hitech.tpl on line 320
2016-02-23 5:41:40 - PHP Notice:  Undefined variable: entry_captcha in C:\xampp\htdocs\exotric\catalog\view\theme\lexus_extroic\template\product\product_detail_hitech.tpl on line 320
2016-02-23 5:42:31 - PHP Notice:  Undefined variable: entry_captcha in C:\xampp\htdocs\exotric\catalog\view\theme\lexus_extroic\template\product\product_detail_hitech.tpl on line 320
2016-02-23 5:42:50 - PHP Notice:  Undefined variable: entry_captcha in C:\xampp\htdocs\exotric\catalog\view\theme\lexus_extroic\template\product\product_detail_hitech.tpl on line 320
2016-02-23 5:42:55 - PHP Notice:  Undefined variable: entry_captcha in C:\xampp\htdocs\exotric\catalog\view\theme\lexus_extroic\template\product\product_detail_hitech.tpl on line 320
2016-02-27 5:00:24 - PHP Notice:  Undefined variable: entry_captcha in C:\xampp\htdocs\exotric\catalog\view\theme\lexus_extroic\template\product\product_detail_hitech.tpl on line 320
2016-02-28 3:34:30 - PHP Notice:  Undefined variable: entry_captcha in C:\xampp\htdocs\exotric\catalog\view\theme\lexus_extroic\template\product\product_detail_hitech.tpl on line 320
2016-02-28 4:36:26 - PHP Notice:  Undefined variable: entry_captcha in C:\xampp\htdocs\exotric\catalog\view\theme\lexus_extroic\template\product\product_detail_hitech.tpl on line 320
2016-03-05 3:05:45 - PHP Notice:  Undefined variable: entry_captcha in C:\xampp\htdocs\exotric\catalog\view\theme\lexus_extroic\template\product\product_detail_hitech.tpl on line 320
2016-03-05 3:16:17 - PHP Notice:  Undefined variable: entry_captcha in C:\xampp\htdocs\exotric\catalog\view\theme\lexus_extroic\template\product\product_detail_hitech.tpl on line 306
2016-03-05 3:16:57 - PHP Notice:  Undefined variable: entry_captcha in C:\xampp\htdocs\exotric\catalog\view\theme\lexus_extroic\template\product\product_detail_hitech.tpl on line 285
2016-03-05 3:17:50 - PHP Notice:  Undefined variable: entry_captcha in C:\xampp\htdocs\exotric\catalog\view\theme\lexus_extroic\template\product\product_detail_hitech.tpl on line 148
2016-03-05 3:18:09 - PHP Notice:  Undefined variable: entry_captcha in C:\xampp\htdocs\exotric\catalog\view\theme\lexus_extroic\template\product\product_detail_hitech.tpl on line 146
2016-03-05 3:29:17 - PHP Notice:  Undefined variable: product in C:\xampp\htdocs\exotric\catalog\view\theme\lexus_extroic\template\product\product_detail_hitech.tpl on line 34
2016-03-05 3:29:17 - PHP Notice:  Undefined variable: entry_captcha in C:\xampp\htdocs\exotric\catalog\view\theme\lexus_extroic\template\product\product_detail_hitech.tpl on line 147
2016-03-05 3:29:41 - PHP Notice:  Undefined variable: entry_captcha in C:\xampp\htdocs\exotric\catalog\view\theme\lexus_extroic\template\product\product_detail_hitech.tpl on line 147
2016-03-05 3:29:52 - PHP Notice:  Undefined variable: entry_captcha in C:\xampp\htdocs\exotric\catalog\view\theme\lexus_extroic\template\product\product_detail_hitech.tpl on line 147
2016-03-05 3:30:55 - PHP Notice:  Undefined variable: entry_captcha in C:\xampp\htdocs\exotric\catalog\view\theme\lexus_extroic\template\product\product_detail_hitech.tpl on line 147
2016-03-05 3:31:14 - PHP Notice:  Undefined variable: entry_captcha in C:\xampp\htdocs\exotric\catalog\view\theme\lexus_extroic\template\product\product_detail_hitech.tpl on line 147
2016-03-05 3:50:03 - PHP Notice:  Undefined variable: entry_captcha in C:\xampp\htdocs\exotric\catalog\view\theme\lexus_extroic\template\product\product_detail_hitech.tpl on line 147
2016-03-05 10:18:08 - PHP Notice:  Undefined variable: entry_captcha in C:\xampp\htdocs\exotric\catalog\view\theme\lexus_extroic\template\product\product_detail_hitech.tpl on line 147
2016-03-05 10:35:41 - PHP Notice:  Undefined variable: entry_captcha in C:\xampp\htdocs\exotric\catalog\view\theme\lexus_extroic\template\product\product_detail_hitech.tpl on line 147
2016-03-05 17:41:14 - PHP Notice:  Undefined variable: product_short_description in C:\xampp\htdocs\exotric\admin\view\template\catalog\product_form.tpl on line 63
2016-03-05 17:41:14 - PHP Notice:  Undefined variable: product_short_description in C:\xampp\htdocs\exotric\admin\view\template\catalog\product_form.tpl on line 63
2016-03-05 17:41:40 - PHP Notice:  Undefined variable: product_short_description in C:\xampp\htdocs\exotric\admin\view\template\catalog\product_form.tpl on line 63
2016-03-05 17:41:40 - PHP Notice:  Undefined variable: product_short_description in C:\xampp\htdocs\exotric\admin\view\template\catalog\product_form.tpl on line 63
2016-03-06 3:02:14 - PHP Notice:  Undefined variable: entry_captcha in C:\xampp\htdocs\exotric\catalog\view\theme\lexus_extroic\template\product\product_detail_hitech.tpl on line 147
